[14-May-2023 06:21:57 UTC] PHP Deprecated:  File Theme without header.php is <strong>deprecated</strong> since version 3.0.0 with no alternative available. Please include a header.php template in your theme. in C:\xampp\htdocs\exam-zvezdelina\wp-includes\functions.php on line 5613
[14-May-2023 06:21:57 UTC] PHP Deprecated:  File Theme without footer.php is <strong>deprecated</strong> since version 3.0.0 with no alternative available. Please include a footer.php template in your theme. in C:\xampp\htdocs\exam-zvezdelina\wp-includes\functions.php on line 5613
[14-May-2023 06:37:49 UTC] PHP Fatal error:  Uncaught TypeError: Illegal offset type in isset or empty in C:\xampp\htdocs\exam-zvezdelina\wp-includes\class-wp-hook.php:77
Stack trace:
#0 C:\xampp\htdocs\exam-zvezdelina\wp-includes\plugin.php(128): WP_Hook->add_filter('wp_enqueue_scri...', 'zvezdelina_asse...', Array, '0.1.0')
#1 C:\xampp\htdocs\exam-zvezdelina\wp-includes\plugin.php(442): add_filter('wp_enqueue_scri...', 'zvezdelina_asse...', Array, '0.1.0')
#2 C:\xampp\htdocs\exam-zvezdelina\wp-content\themes\zvezdelina-job\functions.php(11): add_action('wp_enqueue_scri...', 'zvezdelina_asse...', Array, '0.1.0')
#3 C:\xampp\htdocs\exam-zvezdelina\wp-settings.php(591): include('C:\\xampp\\htdocs...')
#4 C:\xampp\htdocs\exam-zvezdelina\wp-config.php(103): require_once('C:\\xampp\\htdocs...')
#5 C:\xampp\htdocs\exam-zvezdelina\wp-load.php(50): require_once('C:\\xampp\\htdocs...')
#6 C:\xampp\htdocs\exam-zvezdelina\wp-blog-header.php(13): require_once('C:\\xampp\\htdocs...')
#7 C:\xampp\htdocs\exam-zvezdelina\index.php(17): require('C:\\xampp\\htdocs...')
#8 {main}
  thrown in C:\xampp\htdocs\exam-zvezdelina\wp-includes\class-wp-hook.php on line 77
[14-May-2023 06:38:52 UTC] PHP Fatal error:  Uncaught TypeError: Illegal offset type in isset or empty in C:\xampp\htdocs\exam-zvezdelina\wp-includes\class-wp-hook.php:77
Stack trace:
#0 C:\xampp\htdocs\exam-zvezdelina\wp-includes\plugin.php(128): WP_Hook->add_filter('wp_enqueue_scri...', 'zvezdelina_asse...', Array, '0.1.0')
#1 C:\xampp\htdocs\exam-zvezdelina\wp-includes\plugin.php(442): add_filter('wp_enqueue_scri...', 'zvezdelina_asse...', Array, '0.1.0')
#2 C:\xampp\htdocs\exam-zvezdelina\wp-content\themes\zvezdelina-job\functions.php(11): add_action('wp_enqueue_scri...', 'zvezdelina_asse...', Array, '0.1.0')
#3 C:\xampp\htdocs\exam-zvezdelina\wp-settings.php(591): include('C:\\xampp\\htdocs...')
#4 C:\xampp\htdocs\exam-zvezdelina\wp-config.php(103): require_once('C:\\xampp\\htdocs...')
#5 C:\xampp\htdocs\exam-zvezdelina\wp-load.php(50): require_once('C:\\xampp\\htdocs...')
#6 C:\xampp\htdocs\exam-zvezdelina\wp-blog-header.php(13): require_once('C:\\xampp\\htdocs...')
#7 C:\xampp\htdocs\exam-zvezdelina\index.php(17): require('C:\\xampp\\htdocs...')
#8 {main}
  thrown in C:\xampp\htdocs\exam-zvezdelina\wp-includes\class-wp-hook.php on line 77
[14-May-2023 06:38:53 UTC] PHP Fatal error:  Uncaught TypeError: Illegal offset type in isset or empty in C:\xampp\htdocs\exam-zvezdelina\wp-includes\class-wp-hook.php:77
Stack trace:
#0 C:\xampp\htdocs\exam-zvezdelina\wp-includes\plugin.php(128): WP_Hook->add_filter('wp_enqueue_scri...', 'zvezdelina_asse...', Array, '0.1.0')
#1 C:\xampp\htdocs\exam-zvezdelina\wp-includes\plugin.php(442): add_filter('wp_enqueue_scri...', 'zvezdelina_asse...', Array, '0.1.0')
#2 C:\xampp\htdocs\exam-zvezdelina\wp-content\themes\zvezdelina-job\functions.php(11): add_action('wp_enqueue_scri...', 'zvezdelina_asse...', Array, '0.1.0')
#3 C:\xampp\htdocs\exam-zvezdelina\wp-settings.php(591): include('C:\\xampp\\htdocs...')
#4 C:\xampp\htdocs\exam-zvezdelina\wp-config.php(103): require_once('C:\\xampp\\htdocs...')
#5 C:\xampp\htdocs\exam-zvezdelina\wp-load.php(50): require_once('C:\\xampp\\htdocs...')
#6 C:\xampp\htdocs\exam-zvezdelina\wp-blog-header.php(13): require_once('C:\\xampp\\htdocs...')
#7 C:\xampp\htdocs\exam-zvezdelina\index.php(17): require('C:\\xampp\\htdocs...')
#8 {main}
  thrown in C:\xampp\htdocs\exam-zvezdelina\wp-includes\class-wp-hook.php on line 77
[14-May-2023 06:39:28 UTC] PHP Fatal error:  Uncaught TypeError: Illegal offset type in isset or empty in C:\xampp\htdocs\exam-zvezdelina\wp-includes\class-wp-hook.php:77
Stack trace:
#0 C:\xampp\htdocs\exam-zvezdelina\wp-includes\plugin.php(128): WP_Hook->add_filter('wp_enqueue_scri...', 'zvezdelina_asse...', Array, '0.1.0')
#1 C:\xampp\htdocs\exam-zvezdelina\wp-includes\plugin.php(442): add_filter('wp_enqueue_scri...', 'zvezdelina_asse...', Array, '0.1.0')
#2 C:\xampp\htdocs\exam-zvezdelina\wp-content\themes\zvezdelina-job\functions.php(11): add_action('wp_enqueue_scri...', 'zvezdelina_asse...', Array, '0.1.0')
#3 C:\xampp\htdocs\exam-zvezdelina\wp-settings.php(591): include('C:\\xampp\\htdocs...')
#4 C:\xampp\htdocs\exam-zvezdelina\wp-config.php(103): require_once('C:\\xampp\\htdocs...')
#5 C:\xampp\htdocs\exam-zvezdelina\wp-load.php(50): require_once('C:\\xampp\\htdocs...')
#6 C:\xampp\htdocs\exam-zvezdelina\wp-blog-header.php(13): require_once('C:\\xampp\\htdocs...')
#7 C:\xampp\htdocs\exam-zvezdelina\index.php(17): require('C:\\xampp\\htdocs...')
#8 {main}
  thrown in C:\xampp\htdocs\exam-zvezdelina\wp-includes\class-wp-hook.php on line 77
[14-May-2023 06:40:36 UTC] PHP Fatal error:  Uncaught TypeError: Illegal offset type in isset or empty in C:\xampp\htdocs\exam-zvezdelina\wp-includes\class-wp-hook.php:77
Stack trace:
#0 C:\xampp\htdocs\exam-zvezdelina\wp-includes\plugin.php(128): WP_Hook->add_filter('wp_enqueue_scri...', 'zvezdelina_asse...', Array, '0.1.0')
#1 C:\xampp\htdocs\exam-zvezdelina\wp-includes\plugin.php(442): add_filter('wp_enqueue_scri...', 'zvezdelina_asse...', Array, '0.1.0')
#2 C:\xampp\htdocs\exam-zvezdelina\wp-content\themes\zvezdelina-job\functions.php(11): add_action('wp_enqueue_scri...', 'zvezdelina_asse...', Array, '0.1.0')
#3 C:\xampp\htdocs\exam-zvezdelina\wp-settings.php(591): include('C:\\xampp\\htdocs...')
#4 C:\xampp\htdocs\exam-zvezdelina\wp-config.php(103): require_once('C:\\xampp\\htdocs...')
#5 C:\xampp\htdocs\exam-zvezdelina\wp-load.php(50): require_once('C:\\xampp\\htdocs...')
#6 C:\xampp\htdocs\exam-zvezdelina\wp-blog-header.php(13): require_once('C:\\xampp\\htdocs...')
#7 C:\xampp\htdocs\exam-zvezdelina\index.php(17): require('C:\\xampp\\htdocs...')
#8 {main}
  thrown in C:\xampp\htdocs\exam-zvezdelina\wp-includes\class-wp-hook.php on line 77
[14-May-2023 06:41:06 UTC] PHP Fatal error:  Uncaught TypeError: Illegal offset type in isset or empty in C:\xampp\htdocs\exam-zvezdelina\wp-includes\class-wp-hook.php:77
Stack trace:
#0 C:\xampp\htdocs\exam-zvezdelina\wp-includes\plugin.php(128): WP_Hook->add_filter('wp_enqueue_scri...', 'zvezdelina_asse...', Array, '0.1.0')
#1 C:\xampp\htdocs\exam-zvezdelina\wp-includes\plugin.php(442): add_filter('wp_enqueue_scri...', 'zvezdelina_asse...', Array, '0.1.0')
#2 C:\xampp\htdocs\exam-zvezdelina\wp-content\themes\zvezdelina-job\functions.php(11): add_action('wp_enqueue_scri...', 'zvezdelina_asse...', Array, '0.1.0')
#3 C:\xampp\htdocs\exam-zvezdelina\wp-settings.php(591): include('C:\\xampp\\htdocs...')
#4 C:\xampp\htdocs\exam-zvezdelina\wp-config.php(103): require_once('C:\\xampp\\htdocs...')
#5 C:\xampp\htdocs\exam-zvezdelina\wp-load.php(50): require_once('C:\\xampp\\htdocs...')
#6 C:\xampp\htdocs\exam-zvezdelina\wp-blog-header.php(13): require_once('C:\\xampp\\htdocs...')
#7 C:\xampp\htdocs\exam-zvezdelina\index.php(17): require('C:\\xampp\\htdocs...')
#8 {main}
  thrown in C:\xampp\htdocs\exam-zvezdelina\wp-includes\class-wp-hook.php on line 77
[14-May-2023 06:41:19 UTC] PHP Fatal error:  Uncaught TypeError: Illegal offset type in isset or empty in C:\xampp\htdocs\exam-zvezdelina\wp-includes\class-wp-hook.php:77
Stack trace:
#0 C:\xampp\htdocs\exam-zvezdelina\wp-includes\plugin.php(128): WP_Hook->add_filter('wp_enqueue_scri...', 'zvezdelina_asse...', Array, '0.1.0')
#1 C:\xampp\htdocs\exam-zvezdelina\wp-includes\plugin.php(442): add_filter('wp_enqueue_scri...', 'zvezdelina_asse...', Array, '0.1.0')
#2 C:\xampp\htdocs\exam-zvezdelina\wp-content\themes\zvezdelina-job\functions.php(11): add_action('wp_enqueue_scri...', 'zvezdelina_asse...', Array, '0.1.0')
#3 C:\xampp\htdocs\exam-zvezdelina\wp-settings.php(591): include('C:\\xampp\\htdocs...')
#4 C:\xampp\htdocs\exam-zvezdelina\wp-config.php(103): require_once('C:\\xampp\\htdocs...')
#5 C:\xampp\htdocs\exam-zvezdelina\wp-load.php(50): require_once('C:\\xampp\\htdocs...')
#6 C:\xampp\htdocs\exam-zvezdelina\wp-blog-header.php(13): require_once('C:\\xampp\\htdocs...')
#7 C:\xampp\htdocs\exam-zvezdelina\index.php(17): require('C:\\xampp\\htdocs...')
#8 {main}
  thrown in C:\xampp\htdocs\exam-zvezdelina\wp-includes\class-wp-hook.php on line 77
[14-May-2023 06:41:19 UTC] PHP Fatal error:  Uncaught TypeError: Illegal offset type in isset or empty in C:\xampp\htdocs\exam-zvezdelina\wp-includes\class-wp-hook.php:77
Stack trace:
#0 C:\xampp\htdocs\exam-zvezdelina\wp-includes\plugin.php(128): WP_Hook->add_filter('wp_enqueue_scri...', 'zvezdelina_asse...', Array, '0.1.0')
#1 C:\xampp\htdocs\exam-zvezdelina\wp-includes\plugin.php(442): add_filter('wp_enqueue_scri...', 'zvezdelina_asse...', Array, '0.1.0')
#2 C:\xampp\htdocs\exam-zvezdelina\wp-content\themes\zvezdelina-job\functions.php(11): add_action('wp_enqueue_scri...', 'zvezdelina_asse...', Array, '0.1.0')
#3 C:\xampp\htdocs\exam-zvezdelina\wp-settings.php(591): include('C:\\xampp\\htdocs...')
#4 C:\xampp\htdocs\exam-zvezdelina\wp-config.php(103): require_once('C:\\xampp\\htdocs...')
#5 C:\xampp\htdocs\exam-zvezdelina\wp-load.php(50): require_once('C:\\xampp\\htdocs...')
#6 C:\xampp\htdocs\exam-zvezdelina\wp-blog-header.php(13): require_once('C:\\xampp\\htdocs...')
#7 C:\xampp\htdocs\exam-zvezdelina\index.php(17): require('C:\\xampp\\htdocs...')
#8 {main}
  thrown in C:\xampp\htdocs\exam-zvezdelina\wp-includes\class-wp-hook.php on line 77
[14-May-2023 06:41:20 UTC] PHP Fatal error:  Uncaught TypeError: Illegal offset type in isset or empty in C:\xampp\htdocs\exam-zvezdelina\wp-includes\class-wp-hook.php:77
Stack trace:
#0 C:\xampp\htdocs\exam-zvezdelina\wp-includes\plugin.php(128): WP_Hook->add_filter('wp_enqueue_scri...', 'zvezdelina_asse...', Array, '0.1.0')
#1 C:\xampp\htdocs\exam-zvezdelina\wp-includes\plugin.php(442): add_filter('wp_enqueue_scri...', 'zvezdelina_asse...', Array, '0.1.0')
#2 C:\xampp\htdocs\exam-zvezdelina\wp-content\themes\zvezdelina-job\functions.php(11): add_action('wp_enqueue_scri...', 'zvezdelina_asse...', Array, '0.1.0')
#3 C:\xampp\htdocs\exam-zvezdelina\wp-settings.php(591): include('C:\\xampp\\htdocs...')
#4 C:\xampp\htdocs\exam-zvezdelina\wp-config.php(103): require_once('C:\\xampp\\htdocs...')
#5 C:\xampp\htdocs\exam-zvezdelina\wp-load.php(50): require_once('C:\\xampp\\htdocs...')
#6 C:\xampp\htdocs\exam-zvezdelina\wp-blog-header.php(13): require_once('C:\\xampp\\htdocs...')
#7 C:\xampp\htdocs\exam-zvezdelina\index.php(17): require('C:\\xampp\\htdocs...')
#8 {main}
  thrown in C:\xampp\htdocs\exam-zvezdelina\wp-includes\class-wp-hook.php on line 77
[14-May-2023 06:41:21 UTC] PHP Fatal error:  Uncaught TypeError: Illegal offset type in isset or empty in C:\xampp\htdocs\exam-zvezdelina\wp-includes\class-wp-hook.php:77
Stack trace:
#0 C:\xampp\htdocs\exam-zvezdelina\wp-includes\plugin.php(128): WP_Hook->add_filter('wp_enqueue_scri...', 'zvezdelina_asse...', Array, '0.1.0')
#1 C:\xampp\htdocs\exam-zvezdelina\wp-includes\plugin.php(442): add_filter('wp_enqueue_scri...', 'zvezdelina_asse...', Array, '0.1.0')
#2 C:\xampp\htdocs\exam-zvezdelina\wp-content\themes\zvezdelina-job\functions.php(11): add_action('wp_enqueue_scri...', 'zvezdelina_asse...', Array, '0.1.0')
#3 C:\xampp\htdocs\exam-zvezdelina\wp-settings.php(591): include('C:\\xampp\\htdocs...')
#4 C:\xampp\htdocs\exam-zvezdelina\wp-config.php(103): require_once('C:\\xampp\\htdocs...')
#5 C:\xampp\htdocs\exam-zvezdelina\wp-load.php(50): require_once('C:\\xampp\\htdocs...')
#6 C:\xampp\htdocs\exam-zvezdelina\wp-blog-header.php(13): require_once('C:\\xampp\\htdocs...')
#7 C:\xampp\htdocs\exam-zvezdelina\index.php(17): require('C:\\xampp\\htdocs...')
#8 {main}
  thrown in C:\xampp\htdocs\exam-zvezdelina\wp-includes\class-wp-hook.php on line 77
[14-May-2023 06:41:21 UTC] PHP Fatal error:  Uncaught TypeError: Illegal offset type in isset or empty in C:\xampp\htdocs\exam-zvezdelina\wp-includes\class-wp-hook.php:77
Stack trace:
#0 C:\xampp\htdocs\exam-zvezdelina\wp-includes\plugin.php(128): WP_Hook->add_filter('wp_enqueue_scri...', 'zvezdelina_asse...', Array, '0.1.0')
#1 C:\xampp\htdocs\exam-zvezdelina\wp-includes\plugin.php(442): add_filter('wp_enqueue_scri...', 'zvezdelina_asse...', Array, '0.1.0')
#2 C:\xampp\htdocs\exam-zvezdelina\wp-content\themes\zvezdelina-job\functions.php(11): add_action('wp_enqueue_scri...', 'zvezdelina_asse...', Array, '0.1.0')
#3 C:\xampp\htdocs\exam-zvezdelina\wp-settings.php(591): include('C:\\xampp\\htdocs...')
#4 C:\xampp\htdocs\exam-zvezdelina\wp-config.php(103): require_once('C:\\xampp\\htdocs...')
#5 C:\xampp\htdocs\exam-zvezdelina\wp-load.php(50): require_once('C:\\xampp\\htdocs...')
#6 C:\xampp\htdocs\exam-zvezdelina\wp-blog-header.php(13): require_once('C:\\xampp\\htdocs...')
#7 C:\xampp\htdocs\exam-zvezdelina\index.php(17): require('C:\\xampp\\htdocs...')
#8 {main}
  thrown in C:\xampp\htdocs\exam-zvezdelina\wp-includes\class-wp-hook.php on line 77
[14-May-2023 06:41:22 UTC] PHP Fatal error:  Uncaught TypeError: Illegal offset type in isset or empty in C:\xampp\htdocs\exam-zvezdelina\wp-includes\class-wp-hook.php:77
Stack trace:
#0 C:\xampp\htdocs\exam-zvezdelina\wp-includes\plugin.php(128): WP_Hook->add_filter('wp_enqueue_scri...', 'zvezdelina_asse...', Array, '0.1.0')
#1 C:\xampp\htdocs\exam-zvezdelina\wp-includes\plugin.php(442): add_filter('wp_enqueue_scri...', 'zvezdelina_asse...', Array, '0.1.0')
#2 C:\xampp\htdocs\exam-zvezdelina\wp-content\themes\zvezdelina-job\functions.php(11): add_action('wp_enqueue_scri...', 'zvezdelina_asse...', Array, '0.1.0')
#3 C:\xampp\htdocs\exam-zvezdelina\wp-settings.php(591): include('C:\\xampp\\htdocs...')
#4 C:\xampp\htdocs\exam-zvezdelina\wp-config.php(103): require_once('C:\\xampp\\htdocs...')
#5 C:\xampp\htdocs\exam-zvezdelina\wp-load.php(50): require_once('C:\\xampp\\htdocs...')
#6 C:\xampp\htdocs\exam-zvezdelina\wp-blog-header.php(13): require_once('C:\\xampp\\htdocs...')
#7 C:\xampp\htdocs\exam-zvezdelina\index.php(17): require('C:\\xampp\\htdocs...')
#8 {main}
  thrown in C:\xampp\htdocs\exam-zvezdelina\wp-includes\class-wp-hook.php on line 77
[14-May-2023 06:41:23 UTC] PHP Fatal error:  Uncaught TypeError: Illegal offset type in isset or empty in C:\xampp\htdocs\exam-zvezdelina\wp-includes\class-wp-hook.php:77
Stack trace:
#0 C:\xampp\htdocs\exam-zvezdelina\wp-includes\plugin.php(128): WP_Hook->add_filter('wp_enqueue_scri...', 'zvezdelina_asse...', Array, '0.1.0')
#1 C:\xampp\htdocs\exam-zvezdelina\wp-includes\plugin.php(442): add_filter('wp_enqueue_scri...', 'zvezdelina_asse...', Array, '0.1.0')
#2 C:\xampp\htdocs\exam-zvezdelina\wp-content\themes\zvezdelina-job\functions.php(11): add_action('wp_enqueue_scri...', 'zvezdelina_asse...', Array, '0.1.0')
#3 C:\xampp\htdocs\exam-zvezdelina\wp-settings.php(591): include('C:\\xampp\\htdocs...')
#4 C:\xampp\htdocs\exam-zvezdelina\wp-config.php(103): require_once('C:\\xampp\\htdocs...')
#5 C:\xampp\htdocs\exam-zvezdelina\wp-load.php(50): require_once('C:\\xampp\\htdocs...')
#6 C:\xampp\htdocs\exam-zvezdelina\wp-blog-header.php(13): require_once('C:\\xampp\\htdocs...')
#7 C:\xampp\htdocs\exam-zvezdelina\index.php(17): require('C:\\xampp\\htdocs...')
#8 {main}
  thrown in C:\xampp\htdocs\exam-zvezdelina\wp-includes\class-wp-hook.php on line 77
[14-May-2023 06:41:23 UTC] PHP Fatal error:  Uncaught TypeError: Illegal offset type in isset or empty in C:\xampp\htdocs\exam-zvezdelina\wp-includes\class-wp-hook.php:77
Stack trace:
#0 C:\xampp\htdocs\exam-zvezdelina\wp-includes\plugin.php(128): WP_Hook->add_filter('wp_enqueue_scri...', 'zvezdelina_asse...', Array, '0.1.0')
#1 C:\xampp\htdocs\exam-zvezdelina\wp-includes\plugin.php(442): add_filter('wp_enqueue_scri...', 'zvezdelina_asse...', Array, '0.1.0')
#2 C:\xampp\htdocs\exam-zvezdelina\wp-content\themes\zvezdelina-job\functions.php(11): add_action('wp_enqueue_scri...', 'zvezdelina_asse...', Array, '0.1.0')
#3 C:\xampp\htdocs\exam-zvezdelina\wp-settings.php(591): include('C:\\xampp\\htdocs...')
#4 C:\xampp\htdocs\exam-zvezdelina\wp-config.php(103): require_once('C:\\xampp\\htdocs...')
#5 C:\xampp\htdocs\exam-zvezdelina\wp-load.php(50): require_once('C:\\xampp\\htdocs...')
#6 C:\xampp\htdocs\exam-zvezdelina\wp-blog-header.php(13): require_once('C:\\xampp\\htdocs...')
#7 C:\xampp\htdocs\exam-zvezdelina\index.php(17): require('C:\\xampp\\htdocs...')
#8 {main}
  thrown in C:\xampp\htdocs\exam-zvezdelina\wp-includes\class-wp-hook.php on line 77
[14-May-2023 06:41:24 UTC] PHP Fatal error:  Uncaught TypeError: Illegal offset type in isset or empty in C:\xampp\htdocs\exam-zvezdelina\wp-includes\class-wp-hook.php:77
Stack trace:
#0 C:\xampp\htdocs\exam-zvezdelina\wp-includes\plugin.php(128): WP_Hook->add_filter('wp_enqueue_scri...', 'zvezdelina_asse...', Array, '0.1.0')
#1 C:\xampp\htdocs\exam-zvezdelina\wp-includes\plugin.php(442): add_filter('wp_enqueue_scri...', 'zvezdelina_asse...', Array, '0.1.0')
#2 C:\xampp\htdocs\exam-zvezdelina\wp-content\themes\zvezdelina-job\functions.php(11): add_action('wp_enqueue_scri...', 'zvezdelina_asse...', Array, '0.1.0')
#3 C:\xampp\htdocs\exam-zvezdelina\wp-settings.php(591): include('C:\\xampp\\htdocs...')
#4 C:\xampp\htdocs\exam-zvezdelina\wp-config.php(103): require_once('C:\\xampp\\htdocs...')
#5 C:\xampp\htdocs\exam-zvezdelina\wp-load.php(50): require_once('C:\\xampp\\htdocs...')
#6 C:\xampp\htdocs\exam-zvezdelina\wp-blog-header.php(13): require_once('C:\\xampp\\htdocs...')
#7 C:\xampp\htdocs\exam-zvezdelina\index.php(17): require('C:\\xampp\\htdocs...')
#8 {main}
  thrown in C:\xampp\htdocs\exam-zvezdelina\wp-includes\class-wp-hook.php on line 77
[14-May-2023 06:41:25 UTC] PHP Fatal error:  Uncaught TypeError: Illegal offset type in isset or empty in C:\xampp\htdocs\exam-zvezdelina\wp-includes\class-wp-hook.php:77
Stack trace:
#0 C:\xampp\htdocs\exam-zvezdelina\wp-includes\plugin.php(128): WP_Hook->add_filter('wp_enqueue_scri...', 'zvezdelina_asse...', Array, '0.1.0')
#1 C:\xampp\htdocs\exam-zvezdelina\wp-includes\plugin.php(442): add_filter('wp_enqueue_scri...', 'zvezdelina_asse...', Array, '0.1.0')
#2 C:\xampp\htdocs\exam-zvezdelina\wp-content\themes\zvezdelina-job\functions.php(11): add_action('wp_enqueue_scri...', 'zvezdelina_asse...', Array, '0.1.0')
#3 C:\xampp\htdocs\exam-zvezdelina\wp-settings.php(591): include('C:\\xampp\\htdocs...')
#4 C:\xampp\htdocs\exam-zvezdelina\wp-config.php(103): require_once('C:\\xampp\\htdocs...')
#5 C:\xampp\htdocs\exam-zvezdelina\wp-load.php(50): require_once('C:\\xampp\\htdocs...')
#6 C:\xampp\htdocs\exam-zvezdelina\wp-blog-header.php(13): require_once('C:\\xampp\\htdocs...')
#7 C:\xampp\htdocs\exam-zvezdelina\index.php(17): require('C:\\xampp\\htdocs...')
#8 {main}
  thrown in C:\xampp\htdocs\exam-zvezdelina\wp-includes\class-wp-hook.php on line 77
[14-May-2023 06:42:34 UTC] PHP Fatal error:  Uncaught TypeError: Illegal offset type in isset or empty in C:\xampp\htdocs\exam-zvezdelina\wp-includes\class-wp-hook.php:77
Stack trace:
#0 C:\xampp\htdocs\exam-zvezdelina\wp-includes\plugin.php(128): WP_Hook->add_filter('wp_enqueue_scri...', 'zvezdelina_asse...', Array, '0.1.0')
#1 C:\xampp\htdocs\exam-zvezdelina\wp-includes\plugin.php(442): add_filter('wp_enqueue_scri...', 'zvezdelina_asse...', Array, '0.1.0')
#2 C:\xampp\htdocs\exam-zvezdelina\wp-content\themes\zvezdelina-job\functions.php(11): add_action('wp_enqueue_scri...', 'zvezdelina_asse...', Array, '0.1.0')
#3 C:\xampp\htdocs\exam-zvezdelina\wp-settings.php(591): include('C:\\xampp\\htdocs...')
#4 C:\xampp\htdocs\exam-zvezdelina\wp-config.php(103): require_once('C:\\xampp\\htdocs...')
#5 C:\xampp\htdocs\exam-zvezdelina\wp-load.php(50): require_once('C:\\xampp\\htdocs...')
#6 C:\xampp\htdocs\exam-zvezdelina\wp-blog-header.php(13): require_once('C:\\xampp\\htdocs...')
#7 C:\xampp\htdocs\exam-zvezdelina\index.php(17): require('C:\\xampp\\htdocs...')
#8 {main}
  thrown in C:\xampp\htdocs\exam-zvezdelina\wp-includes\class-wp-hook.php on line 77
[14-May-2023 07:21:35 UTC] PHP Parse error:  syntax error, unexpected token "}" in C:\xampp\htdocs\exam-zvezdelina\wp-content\themes\zvezdelina-job\template-parts\job-item.php on line 19
[14-May-2023 07:33:40 UTC] PHP Parse error:  syntax error, unexpected token "}", expecting "," or ";" in C:\xampp\htdocs\exam-zvezdelina\wp-content\themes\zvezdelina-job\template-parts\job-item.php on line 21
[14-May-2023 07:34:08 UTC] PHP Parse error:  syntax error, unexpected token "}", expecting "," or ";" in C:\xampp\htdocs\exam-zvezdelina\wp-content\themes\zvezdelina-job\template-parts\job-item.php on line 21
[14-May-2023 07:34:34 UTC] PHP Parse error:  syntax error, unexpected token "}", expecting "," or ";" in C:\xampp\htdocs\exam-zvezdelina\wp-content\themes\zvezdelina-job\template-parts\job-item.php on line 21
[14-May-2023 08:23:38 UTC] PHP Warning:  filemtime(): stat failed for C:\xampp\htdocs\exam-zvezdelina/wp-content/themes/zvezdelina-jobassets/css/master.css in C:\xampp\htdocs\exam-zvezdelina\wp-content\themes\zvezdelina-job\functions.php on line 9
[14-May-2023 08:37:51 UTC] PHP Fatal error:  Uncaught ArgumentCountError: Too few arguments to function get_the_term_list(), 0 passed in C:\xampp\htdocs\exam-zvezdelina\wp-content\themes\zvezdelina-job\template-parts\post-item.php on line 6 and at least 2 expected in C:\xampp\htdocs\exam-zvezdelina\wp-includes\category-template.php:1338
Stack trace:
#0 C:\xampp\htdocs\exam-zvezdelina\wp-content\themes\zvezdelina-job\template-parts\post-item.php(6): get_the_term_list()
#1 C:\xampp\htdocs\exam-zvezdelina\wp-includes\template.php(785): require('C:\\xampp\\htdocs...')
#2 C:\xampp\htdocs\exam-zvezdelina\wp-includes\template.php(718): load_template('C:\\xampp\\htdocs...', false, Array)
#3 C:\xampp\htdocs\exam-zvezdelina\wp-includes\general-template.php(204): locate_template(Array, true, false, Array)
#4 C:\xampp\htdocs\exam-zvezdelina\wp-content\themes\zvezdelina-job\archive.php(10): get_template_part('template-parts/...', 'item')
#5 C:\xampp\htdocs\exam-zvezdelina\wp-includes\template-loader.php(106): include('C:\\xampp\\htdocs...')
#6 C:\xampp\htdocs\exam-zvezdelina\wp-blog-header.php(19): require_once('C:\\xampp\\htdocs...')
#7 C:\xampp\htdocs\exam-zvezdelina\index.php(17): require('C:\\xampp\\htdocs...')
#8 {main}
  thrown in C:\xampp\htdocs\exam-zvezdelina\wp-includes\category-template.php on line 1338
[14-May-2023 09:28:27 UTC] PHP Fatal error:  Uncaught Error: Call to undefined function add_filters() in C:\xampp\htdocs\exam-zvezdelina\wp-content\themes\zvezdelina-job\functions.php:24
Stack trace:
#0 C:\xampp\htdocs\exam-zvezdelina\wp-settings.php(591): include()
#1 C:\xampp\htdocs\exam-zvezdelina\wp-config.php(103): require_once('C:\\xampp\\htdocs...')
#2 C:\xampp\htdocs\exam-zvezdelina\wp-load.php(50): require_once('C:\\xampp\\htdocs...')
#3 C:\xampp\htdocs\exam-zvezdelina\wp-blog-header.php(13): require_once('C:\\xampp\\htdocs...')
#4 C:\xampp\htdocs\exam-zvezdelina\index.php(17): require('C:\\xampp\\htdocs...')
#5 {main}
  thrown in C:\xampp\htdocs\exam-zvezdelina\wp-content\themes\zvezdelina-job\functions.php on line 24
